#-----------------------------------------------------------
# Vivado v2020.1 (64-bit)
# SW Build 2902540 on Wed May 27 19:54:49 MDT 2020
# IP Build 2902112 on Wed May 27 22:43:36 MDT 2020
# Start of session at: Wed Oct  5 16:47:57 2022
# Process ID: 27060
# Current directory: D:/schoolfiles/School/cpe 133/exp3/Ripple_Carry_adder
# Command line: vivado.exe -gui_launcher_event rodinguilauncherevent25192 D:\schoolfiles\School\cpe 133\exp3\Ripple_Carry_adder\Ripple_Carry_adder.xpr
# Log file: D:/schoolfiles/School/cpe 133/exp3/Ripple_Carry_adder/vivado.log
# Journal file: D:/schoolfiles/School/cpe 133/exp3/Ripple_Carry_adder\vivado.jou
#-----------------------------------------------------------
start_gui
open_project {D:/schoolfiles/School/cpe 133/exp3/Ripple_Carry_adder/Ripple_Carry_adder.xpr}
INFO: [Project 1-313] Project file moved from 'C:/Users/D4nny/OneDrive/Desktop/cpe 133/exp3/Ripple_Carry_adder' since last save.
Scanning sources...
Finished scanning sources
INFO: [IP_Flow 19-234] Refreshing IP repositories
INFO: [IP_Flow 19-1704] No user IP repositories specified
INFO: [IP_Flow 19-2313] Loaded Vivado IP repository 'C:/Xilinx/Vivado/2020.1/data/ip'.
update_compile_order -fileset sources_1
reset_run synth_1
launch_runs synth_1 -jobs 10
[Wed Oct  5 16:48:18 2022] Launched synth_1...
Run output will be captured here: D:/schoolfiles/School/cpe 133/exp3/Ripple_Carry_adder/Ripple_Carry_adder.runs/synth_1/runme.log
launch_runs impl_1 -jobs 10
[Wed Oct  5 16:48:50 2022] Launched impl_1...
Run output will be captured here: D:/schoolfiles/School/cpe 133/exp3/Ripple_Carry_adder/Ripple_Carry_adder.runs/impl_1/runme.log
launch_runs impl_1 -to_step write_bitstream -jobs 10
[Wed Oct  5 16:49:30 2022] Launched impl_1...
Run output will be captured here: D:/schoolfiles/School/cpe 133/exp3/Ripple_Carry_adder/Ripple_Carry_adder.runs/impl_1/runme.log
open_hw_manager
connect_hw_server -allow_non_jtag
INFO: [Labtools 27-2285] Connecting to hw_server url TCP:localhost:3121
INFO: [Labtools 27-2222] Launching hw_server...
INFO: [Labtools 27-2221] Launch Output:

****** Xilinx hw_server v2020.1
  **** Build date : May 27 2020 at 20:24:38
    ** Copyright 1986-2020 Xilinx, Inc. All Rights Reserved.


INFO: [Labtools 27-3415] Connecting to cs_server url TCP:localhost:3042
INFO: [Labtools 27-3417] Launching cs_server...
INFO: [Labtools 27-2221] Launch Output:


****** Xilinx cs_server v2020.1.0
  **** Build date : May 13 2020-18:10:29
    ** Copyright 2017-2020 Xilinx, Inc. All Rights Reserved.



connect_hw_server: Time (s): cpu = 00:00:01 ; elapsed = 00:00:07 . Memory (MB): peak = 1042.207 ; gain = 0.000
open_hw_target
INFO: [Labtoolstcl 44-466] Opening hw_target localhost:3121/xilinx_tcf/Digilent/210183B5A835A
set_property PROGRAM.FILE {D:/schoolfiles/School/cpe 133/exp3/Ripple_Carry_adder/Ripple_Carry_adder.runs/impl_1/ripple_carry_adder.bit} [get_hw_devices xc7a35t_0]
current_hw_device [get_hw_devices xc7a35t_0]
refresh_hw_device -update_hw_probes false [lindex [get_hw_devices xc7a35t_0] 0]
INFO: [Labtools 27-1434] Device xc7a35t (JTAG device index = 0) is programmed with a design that has no supported debug core(s) in it.
set_property PROBES.FILE {} [get_hw_devices xc7a35t_0]
set_property FULL_PROBES.FILE {} [get_hw_devices xc7a35t_0]
set_property PROGRAM.FILE {D:/schoolfiles/School/cpe 133/exp3/Ripple_Carry_adder/Ripple_Carry_adder.runs/impl_1/ripple_carry_adder.bit} [get_hw_devices xc7a35t_0]
program_hw_devices [get_hw_devices xc7a35t_0]
INFO: [Labtools 27-3164] End of startup status: HIGH
refresh_hw_device [lindex [get_hw_devices xc7a35t_0] 0]
INFO: [Labtools 27-1434] Device xc7a35t (JTAG device index = 0) is programmed with a design that has no supported debug core(s) in it.
close_hw_manager
reset_run synth_1
launch_runs synth_1 -jobs 4
[Wed Oct  5 16:52:17 2022] Launched synth_1...
Run output will be captured here: D:/schoolfiles/School/cpe 133/exp3/Ripple_Carry_adder/Ripple_Carry_adder.runs/synth_1/runme.log
launch_runs impl_1 -jobs 4
[Wed Oct  5 16:52:42 2022] Launched impl_1...
Run output will be captured here: D:/schoolfiles/School/cpe 133/exp3/Ripple_Carry_adder/Ripple_Carry_adder.runs/impl_1/runme.log
launch_runs impl_1 -to_step write_bitstream -jobs 4
[Wed Oct  5 16:53:24 2022] Launched impl_1...
Run output will be captured here: D:/schoolfiles/School/cpe 133/exp3/Ripple_Carry_adder/Ripple_Carry_adder.runs/impl_1/runme.log
open_hw_manager
connect_hw_server -allow_non_jtag
INFO: [Labtools 27-2285] Connecting to hw_server url TCP:localhost:3121
INFO: [Labtools 27-2222] Launching hw_server...
INFO: [Labtools 27-2221] Launch Output:

****** Xilinx hw_server v2020.1
  **** Build date : May 27 2020 at 20:24:38
    ** Copyright 1986-2020 Xilinx, Inc. All Rights Reserved.


INFO: [Labtools 27-3415] Connecting to cs_server url TCP:localhost:3042
INFO: [Labtools 27-3417] Launching cs_server...
INFO: [Labtools 27-2221] Launch Output:


****** Xilinx cs_server v2020.1.0
  **** Build date : May 13 2020-18:10:29
    ** Copyright 2017-2020 Xilinx, Inc. All Rights Reserved.



connect_hw_server: Time (s): cpu = 00:00:01 ; elapsed = 00:00:06 . Memory (MB): peak = 2441.512 ; gain = 0.145
open_hw_target
INFO: [Labtoolstcl 44-466] Opening hw_target localhost:3121/xilinx_tcf/Digilent/210183B5A835A
set_property PROGRAM.FILE {D:/schoolfiles/School/cpe 133/exp3/Ripple_Carry_adder/Ripple_Carry_adder.runs/impl_1/ripple_carry_adder.bit} [get_hw_devices xc7a35t_0]
current_hw_device [get_hw_devices xc7a35t_0]
refresh_hw_device -update_hw_probes false [lindex [get_hw_devices xc7a35t_0] 0]
INFO: [Labtools 27-1434] Device xc7a35t (JTAG device index = 0) is programmed with a design that has no supported debug core(s) in it.
set_property PROBES.FILE {} [get_hw_devices xc7a35t_0]
set_property FULL_PROBES.FILE {} [get_hw_devices xc7a35t_0]
set_property PROGRAM.FILE {D:/schoolfiles/School/cpe 133/exp3/Ripple_Carry_adder/Ripple_Carry_adder.runs/impl_1/ripple_carry_adder.bit} [get_hw_devices xc7a35t_0]
program_hw_devices [get_hw_devices xc7a35t_0]
INFO: [Labtools 27-3164] End of startup status: HIGH
refresh_hw_device [lindex [get_hw_devices xc7a35t_0] 0]
INFO: [Labtools 27-1434] Device xc7a35t (JTAG device index = 0) is programmed with a design that has no supported debug core(s) in it.
undo
INFO: [Common 17-17] undo 'set_property PROGRAM.FILE {D:/schoolfiles/School/cpe 133/exp3/Ripple_Carry_adder/Ripple_Carry_adder.runs/impl_1/ripple_carry_adder.bit} [get_hw_devices xc7a35t_0]'
undo
INFO: [Common 17-17] undo 'set_property FULL_PROBES.FILE {} [get_hw_devices xc7a35t_0]'
reset_run synth_1
launch_runs impl_1 -to_step write_bitstream -jobs 4
[Wed Oct  5 16:55:22 2022] Launched synth_1...
Run output will be captured here: D:/schoolfiles/School/cpe 133/exp3/Ripple_Carry_adder/Ripple_Carry_adder.runs/synth_1/runme.log
[Wed Oct  5 16:55:22 2022] Launched impl_1...
Run output will be captured here: D:/schoolfiles/School/cpe 133/exp3/Ripple_Carry_adder/Ripple_Carry_adder.runs/impl_1/runme.log
set_property PROBES.FILE {} [get_hw_devices xc7a35t_0]
set_property FULL_PROBES.FILE {} [get_hw_devices xc7a35t_0]
set_property PROGRAM.FILE {D:/schoolfiles/School/cpe 133/exp3/Ripple_Carry_adder/Ripple_Carry_adder.runs/impl_1/ripple_carry_adder.bit} [get_hw_devices xc7a35t_0]
program_hw_devices [get_hw_devices xc7a35t_0]
INFO: [Labtools 27-3164] End of startup status: HIGH
refresh_hw_device [lindex [get_hw_devices xc7a35t_0] 0]
INFO: [Labtools 27-1434] Device xc7a35t (JTAG device index = 0) is programmed with a design that has no supported debug core(s) in it.
close_hw_manager
reset_run synth_1
launch_runs impl_1 -to_step write_bitstream -jobs 4
[Wed Oct  5 16:57:25 2022] Launched synth_1...
Run output will be captured here: D:/schoolfiles/School/cpe 133/exp3/Ripple_Carry_adder/Ripple_Carry_adder.runs/synth_1/runme.log
[Wed Oct  5 16:57:25 2022] Launched impl_1...
Run output will be captured here: D:/schoolfiles/School/cpe 133/exp3/Ripple_Carry_adder/Ripple_Carry_adder.runs/impl_1/runme.log
open_hw_manager
connect_hw_server -allow_non_jtag
INFO: [Labtools 27-2285] Connecting to hw_server url TCP:localhost:3121
INFO: [Labtools 27-2222] Launching hw_server...
INFO: [Labtools 27-2221] Launch Output:

****** Xilinx hw_server v2020.1
  **** Build date : May 27 2020 at 20:24:38
    ** Copyright 1986-2020 Xilinx, Inc. All Rights Reserved.


INFO: [Labtools 27-3415] Connecting to cs_server url TCP:localhost:3042
INFO: [Labtools 27-3417] Launching cs_server...
INFO: [Labtools 27-2221] Launch Output:


****** Xilinx cs_server v2020.1.0
  **** Build date : May 13 2020-18:10:29
    ** Copyright 2017-2020 Xilinx, Inc. All Rights Reserved.



connect_hw_server: Time (s): cpu = 00:00:00 ; elapsed = 00:00:06 . Memory (MB): peak = 2459.402 ; gain = 0.000
open_hw_target
INFO: [Labtoolstcl 44-466] Opening hw_target localhost:3121/xilinx_tcf/Digilent/210183B5A835A
set_property PROGRAM.FILE {D:/schoolfiles/School/cpe 133/exp3/Ripple_Carry_adder/Ripple_Carry_adder.runs/impl_1/ripple_carry_adder.bit} [get_hw_devices xc7a35t_0]
current_hw_device [get_hw_devices xc7a35t_0]
refresh_hw_device -update_hw_probes false [lindex [get_hw_devices xc7a35t_0] 0]
INFO: [Labtools 27-1434] Device xc7a35t (JTAG device index = 0) is programmed with a design that has no supported debug core(s) in it.
set_property PROBES.FILE {} [get_hw_devices xc7a35t_0]
set_property FULL_PROBES.FILE {} [get_hw_devices xc7a35t_0]
set_property PROGRAM.FILE {D:/schoolfiles/School/cpe 133/exp3/Ripple_Carry_adder/Ripple_Carry_adder.runs/impl_1/ripple_carry_adder.bit} [get_hw_devices xc7a35t_0]
program_hw_devices [get_hw_devices xc7a35t_0]
INFO: [Labtools 27-3164] End of startup status: HIGH
refresh_hw_device [lindex [get_hw_devices xc7a35t_0] 0]
INFO: [Labtools 27-1434] Device xc7a35t (JTAG device index = 0) is programmed with a design that has no supported debug core(s) in it.
ERROR: [Labtoolstcl 44-513] HW Target shutdown. Closing target: localhost:3121/xilinx_tcf/Digilent/210183B5A835A
exit
INFO: [Common 17-206] Exiting Vivado at Wed Oct  5 20:38:06 2022...
