#-----------------------------------------------------------
# Vivado v2020.1 (64-bit)
# SW Build 2902540 on Wed May 27 19:54:49 MDT 2020
# IP Build 2902112 on Wed May 27 22:43:36 MDT 2020
# Start of session at: Mon Oct 10 15:06:15 2022
# Process ID: 21108
# Current directory: D:/schoolfiles/School/cpe 133/exp3/Ripple_Carry_adder
# Command line: vivado.exe -gui_launcher_event rodinguilauncherevent7096 D:\schoolfiles\School\cpe 133\exp3\Ripple_Carry_adder\Ripple_Carry_adder.xpr
# Log file: D:/schoolfiles/School/cpe 133/exp3/Ripple_Carry_adder/vivado.log
# Journal file: D:/schoolfiles/School/cpe 133/exp3/Ripple_Carry_adder\vivado.jou
#-----------------------------------------------------------
start_gui
open_project {D:/schoolfiles/School/cpe 133/exp3/Ripple_Carry_adder/Ripple_Carry_adder.xpr}
Scanning sources...
Finished scanning sources
INFO: [IP_Flow 19-234] Refreshing IP repositories
INFO: [IP_Flow 19-1704] No user IP repositories specified
INFO: [IP_Flow 19-2313] Loaded Vivado IP repository 'C:/Xilinx/Vivado/2020.1/data/ip'.
open_project: Time (s): cpu = 00:00:14 ; elapsed = 00:00:06 . Memory (MB): peak = 1035.945 ; gain = 0.000
update_compile_order -fileset sources_1
exit
INFO: [Common 17-206] Exiting Vivado at Mon Oct 10 15:42:54 2022...
