INFO: [VRFC 10-2263] Analyzing Verilog file "D:/schoolfiles/School/cpe 133/exp12/fib_gen/fib_gen.srcs/sources_1/imports/modules/FSM_Template v1_00.v" into library xil_defaultlib
INFO: [VRFC 10-311] analyzing module fsm_template
INFO: [VRFC 10-2263] Analyzing Verilog file "D:/schoolfiles/School/cpe 133/exp12/fib_gen/fib_gen.srcs/sources_1/imports/modules/clk_2n_div_test_v1_01.v" into library xil_defaultlib
INFO: [VRFC 10-311] analyzing module clk_2n_div_test
INFO: [VRFC 10-2263] Analyzing Verilog file "D:/schoolfiles/School/cpe 133/exp12/fib_gen/fib_gen.srcs/sources_1/imports/modules/comp_nb_v1_02.v" into library xil_defaultlib
INFO: [VRFC 10-311] analyzing module comp_nb
INFO: [VRFC 10-2263] Analyzing Verilog file "D:/schoolfiles/School/cpe 133/exp12/fib_gen/fib_gen.srcs/sources_1/new/fib_gen_ckt.v" into library xil_defaultlib
INFO: [VRFC 10-311] analyzing module fib_gen_ckt
INFO: [VRFC 10-2263] Analyzing Verilog file "D:/schoolfiles/School/cpe 133/exp12/fib_gen/fib_gen.srcs/sources_1/new/fib_seq.v" into library xil_defaultlib
INFO: [VRFC 10-311] analyzing module fib_seq
INFO: [VRFC 10-2263] Analyzing Verilog file "D:/schoolfiles/School/cpe 133/exp12/fib_gen/fib_gen.srcs/sources_1/imports/modules/mux_2t1_nb_v1_04.v" into library xil_defaultlib
INFO: [VRFC 10-311] analyzing module mux_2t1_nb
INFO: [VRFC 10-2263] Analyzing Verilog file "D:/schoolfiles/School/cpe 133/exp12/fib_gen/fib_gen.srcs/sources_1/new/output_module.v" into library xil_defaultlib
INFO: [VRFC 10-311] analyzing module output_module
INFO: [VRFC 10-2263] Analyzing Verilog file "D:/schoolfiles/School/cpe 133/exp12/fib_gen/fib_gen.srcs/sources_1/imports/modules/rc_sign_changer_v1_01.v" into library xil_defaultlib
INFO: [VRFC 10-311] analyzing module nb_twos_comp
INFO: [VRFC 10-2263] Analyzing Verilog file "D:/schoolfiles/School/cpe 133/exp12/fib_gen/fib_gen.srcs/sources_1/imports/modules/rca_nb_v1_04.v" into library xil_defaultlib
INFO: [VRFC 10-311] analyzing module rca_nb
INFO: [VRFC 10-2263] Analyzing Verilog file "D:/schoolfiles/School/cpe 133/exp12/fib_gen/fib_gen.srcs/sources_1/imports/modules/reg_nb_v1_03.v" into library xil_defaultlib
INFO: [VRFC 10-311] analyzing module reg_nb
INFO: [VRFC 10-2263] Analyzing Verilog file "D:/schoolfiles/School/cpe 133/exp12/fib_gen/fib_gen.srcs/sources_1/imports/modules/univ_sseg_v1_05.v" into library xil_defaultlib
INFO: [VRFC 10-311] analyzing module univ_sseg
INFO: [VRFC 10-2458] undeclared symbol sclk, assumed default net type wire [D:/schoolfiles/School/cpe 133/exp12/fib_gen/fib_gen.srcs/sources_1/imports/modules/univ_sseg_v1_05.v:120]
INFO: [VRFC 10-311] analyzing module clk_divder
INFO: [VRFC 10-311] analyzing module cnt_convert_14b
INFO: [VRFC 10-311] analyzing module cnt_convert_7b
INFO: [VRFC 10-2263] Analyzing Verilog file "D:/schoolfiles/School/cpe 133/exp12/fib_gen/fib_gen.srcs/sources_1/new/main.v" into library xil_defaultlib
INFO: [VRFC 10-311] analyzing module main
INFO: [VRFC 10-2263] Analyzing Verilog file "D:/schoolfiles/School/cpe 133/exp12/fib_gen/fib_gen.srcs/sources_1/imports/modules/mux_4t1_nb_v1_06.v" into library xil_defaultlib
INFO: [VRFC 10-311] analyzing module mux_4t1_nb
INFO: [VRFC 10-2263] Analyzing Verilog file "D:/schoolfiles/School/cpe 133/exp12/fib_gen/fib_gen.srcs/sim_1/new/test_fibseq.v" into library xil_defaultlib
INFO: [VRFC 10-311] analyzing module test_fib_gen
