
*** Running vivado
    with args -log mult_6b.vds -m64 -product Vivado -mode batch -messageDb vivado.pb -notrace -source mult_6b.tcl



****** Vivado v2020.1 (64-bit)
  **** SW Build 2902540 on Wed May 27 19:54:49 MDT 2020
  **** IP Build 2902112 on Wed May 27 22:43:36 MDT 2020
    ** Copyright 1986-2020 Xilinx, Inc. All Rights Reserved.

source mult_6b.tcl -notrace
Command: synth_design -top mult_6b -part xc7a35tcpg236-1
Starting synth_design
Attempting to get a license for feature 'Synthesis' and/or device 'xc7a35t'
INFO: [Common 17-349] Got license for feature 'Synthesis' and/or device 'xc7a35t'
INFO: [Device 21-403] Loading part xc7a35tcpg236-1
INFO: [Synth 8-7079] Multithreading enabled for synth_design using a maximum of 2 processes.
INFO: [Synth 8-7078] Launching helper process for spawning children vivado processes
INFO: [Synth 8-7075] Helper process launched with PID 13824
---------------------------------------------------------------------------------
Starting RTL Elaboration : Time (s): cpu = 00:00:02 ; elapsed = 00:00:02 . Memory (MB): peak = 1035.781 ; gain = 0.000
---------------------------------------------------------------------------------
INFO: [Synth 8-6157] synthesizing module 'mult_6b' [D:/schoolfiles/School/cpe 133/exp13/multipler_6b/multipler_6b.srcs/sources_1/new/mult_6b.v:23]
INFO: [Synth 8-6157] synthesizing module 'clk_2n_div_test' [D:/schoolfiles/School/cpe 133/exp13/multipler_6b/multipler_6b.srcs/sources_1/imports/modules/clk_2n_div_test_v1_01.v:39]
	Parameter n bound to: 25 - type: integer 
INFO: [Synth 8-6155] done synthesizing module 'clk_2n_div_test' (1#1) [D:/schoolfiles/School/cpe 133/exp13/multipler_6b/multipler_6b.srcs/sources_1/imports/modules/clk_2n_div_test_v1_01.v:39]
INFO: [Synth 8-6157] synthesizing module 'fsm_template' [D:/schoolfiles/School/cpe 133/exp13/multipler_6b/multipler_6b.srcs/sources_1/imports/modules/FSM_Template v1_00.v:23]
	Parameter st_A bound to: 2'b00 
	Parameter st_B bound to: 2'b01 
	Parameter st_C bound to: 2'b10 
INFO: [Synth 8-6155] done synthesizing module 'fsm_template' (2#1) [D:/schoolfiles/School/cpe 133/exp13/multipler_6b/multipler_6b.srcs/sources_1/imports/modules/FSM_Template v1_00.v:23]
INFO: [Synth 8-6157] synthesizing module 'multipler' [D:/schoolfiles/School/cpe 133/exp13/multipler_6b/multipler_6b.srcs/sources_1/new/multipler.v:23]
INFO: [Synth 8-6157] synthesizing module 'usr_nb' [D:/schoolfiles/School/cpe 133/exp13/multipler_6b/multipler_6b.srcs/sources_1/imports/modules/usr_nb_v1_01.v:45]
	Parameter n bound to: 12 - type: integer 
INFO: [Synth 8-226] default block is never used [D:/schoolfiles/School/cpe 133/exp13/multipler_6b/multipler_6b.srcs/sources_1/imports/modules/usr_nb_v1_01.v:58]
INFO: [Synth 8-6155] done synthesizing module 'usr_nb' (3#1) [D:/schoolfiles/School/cpe 133/exp13/multipler_6b/multipler_6b.srcs/sources_1/imports/modules/usr_nb_v1_01.v:45]
INFO: [Synth 8-6157] synthesizing module 'mux_2t1_nb' [D:/schoolfiles/School/cpe 133/exp13/multipler_6b/multipler_6b.srcs/sources_1/imports/modules/mux_2t1_nb_v1_04.v:36]
	Parameter n bound to: 12 - type: integer 
INFO: [Synth 8-6155] done synthesizing module 'mux_2t1_nb' (4#1) [D:/schoolfiles/School/cpe 133/exp13/multipler_6b/multipler_6b.srcs/sources_1/imports/modules/mux_2t1_nb_v1_04.v:36]
INFO: [Synth 8-6157] synthesizing module 'rca_nb' [D:/schoolfiles/School/cpe 133/exp13/multipler_6b/multipler_6b.srcs/sources_1/imports/modules/rca_nb_v1_04.v:40]
	Parameter n bound to: 12 - type: integer 
INFO: [Synth 8-6155] done synthesizing module 'rca_nb' (5#1) [D:/schoolfiles/School/cpe 133/exp13/multipler_6b/multipler_6b.srcs/sources_1/imports/modules/rca_nb_v1_04.v:40]
INFO: [Synth 8-6157] synthesizing module 'reg_nb' [D:/schoolfiles/School/cpe 133/exp13/multipler_6b/multipler_6b.srcs/sources_1/imports/modules/reg_nb_v1_03.v:39]
	Parameter n bound to: 12 - type: integer 
INFO: [Synth 8-6155] done synthesizing module 'reg_nb' (6#1) [D:/schoolfiles/School/cpe 133/exp13/multipler_6b/multipler_6b.srcs/sources_1/imports/modules/reg_nb_v1_03.v:39]
INFO: [Synth 8-6157] synthesizing module 'cntr_up_clr_nb' [D:/schoolfiles/School/cpe 133/exp13/multipler_6b/multipler_6b.srcs/sources_1/imports/modules/cntr_up_clr_nb_v1_03.v:38]
	Parameter n bound to: 3 - type: integer 
INFO: [Synth 8-6155] done synthesizing module 'cntr_up_clr_nb' (7#1) [D:/schoolfiles/School/cpe 133/exp13/multipler_6b/multipler_6b.srcs/sources_1/imports/modules/cntr_up_clr_nb_v1_03.v:38]
INFO: [Synth 8-6155] done synthesizing module 'multipler' (8#1) [D:/schoolfiles/School/cpe 133/exp13/multipler_6b/multipler_6b.srcs/sources_1/new/multipler.v:23]
INFO: [Synth 8-6157] synthesizing module 'univ_sseg' [D:/schoolfiles/School/cpe 133/exp13/multipler_6b/multipler_6b.srcs/sources_1/imports/modules/univ_sseg_v1_05.v:82]
INFO: [Synth 8-6157] synthesizing module 'cnt_convert_14b' [D:/schoolfiles/School/cpe 133/exp13/multipler_6b/multipler_6b.srcs/sources_1/imports/modules/univ_sseg_v1_05.v:275]
INFO: [Synth 8-226] default block is never used [D:/schoolfiles/School/cpe 133/exp13/multipler_6b/multipler_6b.srcs/sources_1/imports/modules/univ_sseg_v1_05.v:294]
INFO: [Synth 8-6155] done synthesizing module 'cnt_convert_14b' (9#1) [D:/schoolfiles/School/cpe 133/exp13/multipler_6b/multipler_6b.srcs/sources_1/imports/modules/univ_sseg_v1_05.v:275]
INFO: [Synth 8-6157] synthesizing module 'cnt_convert_7b' [D:/schoolfiles/School/cpe 133/exp13/multipler_6b/multipler_6b.srcs/sources_1/imports/modules/univ_sseg_v1_05.v:373]
INFO: [Synth 8-6155] done synthesizing module 'cnt_convert_7b' (10#1) [D:/schoolfiles/School/cpe 133/exp13/multipler_6b/multipler_6b.srcs/sources_1/imports/modules/univ_sseg_v1_05.v:373]
INFO: [Synth 8-6157] synthesizing module 'clk_divder' [D:/schoolfiles/School/cpe 133/exp13/multipler_6b/multipler_6b.srcs/sources_1/imports/modules/univ_sseg_v1_05.v:258]
	Parameter n bound to: 13 - type: integer 
INFO: [Synth 8-6155] done synthesizing module 'clk_divder' (11#1) [D:/schoolfiles/School/cpe 133/exp13/multipler_6b/multipler_6b.srcs/sources_1/imports/modules/univ_sseg_v1_05.v:258]
INFO: [Synth 8-226] default block is never used [D:/schoolfiles/School/cpe 133/exp13/multipler_6b/multipler_6b.srcs/sources_1/imports/modules/univ_sseg_v1_05.v:129]
INFO: [Synth 8-226] default block is never used [D:/schoolfiles/School/cpe 133/exp13/multipler_6b/multipler_6b.srcs/sources_1/imports/modules/univ_sseg_v1_05.v:145]
INFO: [Synth 8-226] default block is never used [D:/schoolfiles/School/cpe 133/exp13/multipler_6b/multipler_6b.srcs/sources_1/imports/modules/univ_sseg_v1_05.v:157]
INFO: [Synth 8-226] default block is never used [D:/schoolfiles/School/cpe 133/exp13/multipler_6b/multipler_6b.srcs/sources_1/imports/modules/univ_sseg_v1_05.v:169]
INFO: [Synth 8-226] default block is never used [D:/schoolfiles/School/cpe 133/exp13/multipler_6b/multipler_6b.srcs/sources_1/imports/modules/univ_sseg_v1_05.v:181]
INFO: [Synth 8-226] default block is never used [D:/schoolfiles/School/cpe 133/exp13/multipler_6b/multipler_6b.srcs/sources_1/imports/modules/univ_sseg_v1_05.v:193]
INFO: [Synth 8-6155] done synthesizing module 'univ_sseg' (12#1) [D:/schoolfiles/School/cpe 133/exp13/multipler_6b/multipler_6b.srcs/sources_1/imports/modules/univ_sseg_v1_05.v:82]
INFO: [Synth 8-6155] done synthesizing module 'mult_6b' (13#1) [D:/schoolfiles/School/cpe 133/exp13/multipler_6b/multipler_6b.srcs/sources_1/new/mult_6b.v:23]
---------------------------------------------------------------------------------
Finished RTL Elaboration : Time (s): cpu = 00:00:03 ; elapsed = 00:00:03 . Memory (MB): peak = 1038.027 ; gain = 2.246
---------------------------------------------------------------------------------
---------------------------------------------------------------------------------
Start Handling Custom Attributes
---------------------------------------------------------------------------------
---------------------------------------------------------------------------------
Finished Handling Custom Attributes : Time (s): cpu = 00:00:03 ; elapsed = 00:00:03 . Memory (MB): peak = 1038.027 ; gain = 2.246
---------------------------------------------------------------------------------
---------------------------------------------------------------------------------
Finished RTL Optimization Phase 1 : Time (s): cpu = 00:00:03 ; elapsed = 00:00:03 . Memory (MB): peak = 1038.027 ; gain = 2.246
---------------------------------------------------------------------------------
Netlist sorting complete. Time (s): cpu = 00:00:00 ; elapsed = 00:00:00.005 . Memory (MB): peak = 1038.027 ; gain = 0.000
INFO: [Project 1-570] Preparing netlist for logic optimization

Processing XDC Constraints
Initializing timing engine
Parsing XDC File [D:/schoolfiles/School/cpe 133/exp13/multipler_6b/multipler_6b.srcs/constrs_1/imports/cpe 133/Basys3_Master_v1_03.xdc]
Finished Parsing XDC File [D:/schoolfiles/School/cpe 133/exp13/multipler_6b/multipler_6b.srcs/constrs_1/imports/cpe 133/Basys3_Master_v1_03.xdc]
INFO: [Project 1-236] Implementation specific constraints were found while reading constraint file [D:/schoolfiles/School/cpe 133/exp13/multipler_6b/multipler_6b.srcs/constrs_1/imports/cpe 133/Basys3_Master_v1_03.xdc]. These constraints will be ignored for synthesis but will be used in implementation. Impacted constraints are listed in the file [.Xil/mult_6b_propImpl.xdc].
Resolution: To avoid this warning, move constraints listed in [.Xil/mult_6b_propImpl.xdc] to another XDC file and exclude this new file from synthesis with the used_in_synthesis property (File Properties dialog in GUI) and re-run elaboration/synthesis.
Completed Processing XDC Constraints

Netlist sorting complete. Time (s): cpu = 00:00:00 ; elapsed = 00:00:00 . Memory (MB): peak = 1152.250 ; gain = 0.000
INFO: [Project 1-111] Unisim Transformation Summary:
No Unisim elements were transformed.

Constraint Validation Runtime : Time (s): cpu = 00:00:00 ; elapsed = 00:00:00.007 . Memory (MB): peak = 1152.250 ; gain = 0.000
---------------------------------------------------------------------------------
Finished Constraint Validation : Time (s): cpu = 00:00:06 ; elapsed = 00:00:07 . Memory (MB): peak = 1152.250 ; gain = 116.469
---------------------------------------------------------------------------------
---------------------------------------------------------------------------------
Start Loading Part and Timing Information
---------------------------------------------------------------------------------
Loading part: xc7a35tcpg236-1
---------------------------------------------------------------------------------
Finished Loading Part and Timing Information : Time (s): cpu = 00:00:06 ; elapsed = 00:00:07 . Memory (MB): peak = 1152.250 ; gain = 116.469
---------------------------------------------------------------------------------
---------------------------------------------------------------------------------
Start Applying 'set_property' XDC Constraints
---------------------------------------------------------------------------------
---------------------------------------------------------------------------------
Finished applying 'set_property' XDC Constraints : Time (s): cpu = 00:00:06 ; elapsed = 00:00:07 . Memory (MB): peak = 1152.250 ; gain = 116.469
---------------------------------------------------------------------------------
INFO: [Synth 8-802] inferred FSM for state register 'PS_reg' in module 'fsm_template'
---------------------------------------------------------------------------------------------------
                   State |                     New Encoding |                Previous Encoding 
---------------------------------------------------------------------------------------------------
                    st_A |                              001 |                               00
                    st_B |                              010 |                               01
                    st_C |                              100 |                               10
---------------------------------------------------------------------------------------------------
INFO: [Synth 8-3354] encoded FSM with state register 'PS_reg' using encoding 'one-hot' in module 'fsm_template'
---------------------------------------------------------------------------------
Finished RTL Optimization Phase 2 : Time (s): cpu = 00:00:06 ; elapsed = 00:00:07 . Memory (MB): peak = 1152.250 ; gain = 116.469
---------------------------------------------------------------------------------
---------------------------------------------------------------------------------
Start RTL Component Statistics 
---------------------------------------------------------------------------------
Detailed RTL Component Info : 
+---Adders : 
	   2 Input   14 Bit       Adders := 18    
	   3 Input   13 Bit       Adders := 1     
	   2 Input    4 Bit       Adders := 14    
	   2 Input    3 Bit       Adders := 1     
	   2 Input    2 Bit       Adders := 1     
+---Registers : 
	               12 Bit    Registers := 3     
	                3 Bit    Registers := 1     
	                2 Bit    Registers := 1     
+---Muxes : 
	   4 Input   14 Bit        Muxes := 1     
	   4 Input   12 Bit        Muxes := 2     
	   2 Input   12 Bit        Muxes := 1     
	   2 Input    8 Bit        Muxes := 2     
	   8 Input    4 Bit        Muxes := 1     
	   4 Input    4 Bit        Muxes := 5     
	   3 Input    3 Bit        Muxes := 1     
	   2 Input    3 Bit        Muxes := 3     
	   3 Input    2 Bit        Muxes := 1     
	   2 Input    1 Bit        Muxes := 2     
	   3 Input    1 Bit        Muxes := 2     
	   4 Input    1 Bit        Muxes := 2     
---------------------------------------------------------------------------------
Finished RTL Component Statistics 
---------------------------------------------------------------------------------
---------------------------------------------------------------------------------
Start Part Resource Summary
---------------------------------------------------------------------------------
Part Resources:
DSPs: 90 (col length:60)
BRAMs: 100 (col length: RAMB18 60 RAMB36 30)
---------------------------------------------------------------------------------
Finished Part Resource Summary
---------------------------------------------------------------------------------
---------------------------------------------------------------------------------
Start Cross Boundary and Area Optimization
---------------------------------------------------------------------------------
---------------------------------------------------------------------------------
Finished Cross Boundary and Area Optimization : Time (s): cpu = 00:00:17 ; elapsed = 00:00:17 . Memory (MB): peak = 1171.609 ; gain = 135.828
---------------------------------------------------------------------------------
---------------------------------------------------------------------------------
Start Applying XDC Timing Constraints
---------------------------------------------------------------------------------
---------------------------------------------------------------------------------
Finished Applying XDC Timing Constraints : Time (s): cpu = 00:00:20 ; elapsed = 00:00:21 . Memory (MB): peak = 1171.609 ; gain = 135.828
---------------------------------------------------------------------------------
---------------------------------------------------------------------------------
Start Timing Optimization
---------------------------------------------------------------------------------
---------------------------------------------------------------------------------
Finished Timing Optimization : Time (s): cpu = 00:00:20 ; elapsed = 00:00:21 . Memory (MB): peak = 1171.609 ; gain = 135.828
---------------------------------------------------------------------------------
---------------------------------------------------------------------------------
Start Technology Mapping
---------------------------------------------------------------------------------
---------------------------------------------------------------------------------
Finished Technology Mapping : Time (s): cpu = 00:00:21 ; elapsed = 00:00:22 . Memory (MB): peak = 1219.695 ; gain = 183.914
---------------------------------------------------------------------------------
---------------------------------------------------------------------------------
Start IO Insertion
---------------------------------------------------------------------------------
---------------------------------------------------------------------------------
Start Flattening Before IO Insertion
---------------------------------------------------------------------------------
---------------------------------------------------------------------------------
Finished Flattening Before IO Insertion
---------------------------------------------------------------------------------
---------------------------------------------------------------------------------
Start Final Netlist Cleanup
---------------------------------------------------------------------------------
---------------------------------------------------------------------------------
Finished Final Netlist Cleanup
---------------------------------------------------------------------------------
---------------------------------------------------------------------------------
Finished IO Insertion : Time (s): cpu = 00:00:22 ; elapsed = 00:00:23 . Memory (MB): peak = 1225.574 ; gain = 189.793
---------------------------------------------------------------------------------
---------------------------------------------------------------------------------
Start Renaming Generated Instances
---------------------------------------------------------------------------------
---------------------------------------------------------------------------------
Finished Renaming Generated Instances : Time (s): cpu = 00:00:22 ; elapsed = 00:00:23 . Memory (MB): peak = 1225.574 ; gain = 189.793
---------------------------------------------------------------------------------
---------------------------------------------------------------------------------
Start Rebuilding User Hierarchy
---------------------------------------------------------------------------------
---------------------------------------------------------------------------------
Finished Rebuilding User Hierarchy : Time (s): cpu = 00:00:22 ; elapsed = 00:00:23 . Memory (MB): peak = 1225.574 ; gain = 189.793
---------------------------------------------------------------------------------
---------------------------------------------------------------------------------
Start Renaming Generated Ports
---------------------------------------------------------------------------------
---------------------------------------------------------------------------------
Finished Renaming Generated Ports : Time (s): cpu = 00:00:22 ; elapsed = 00:00:23 . Memory (MB): peak = 1225.574 ; gain = 189.793
---------------------------------------------------------------------------------
---------------------------------------------------------------------------------
Start Handling Custom Attributes
---------------------------------------------------------------------------------
---------------------------------------------------------------------------------
Finished Handling Custom Attributes : Time (s): cpu = 00:00:22 ; elapsed = 00:00:23 . Memory (MB): peak = 1225.574 ; gain = 189.793
---------------------------------------------------------------------------------
---------------------------------------------------------------------------------
Start Renaming Generated Nets
---------------------------------------------------------------------------------
---------------------------------------------------------------------------------
Finished Renaming Generated Nets : Time (s): cpu = 00:00:22 ; elapsed = 00:00:23 . Memory (MB): peak = 1225.574 ; gain = 189.793
---------------------------------------------------------------------------------
---------------------------------------------------------------------------------
Start Writing Synthesis Report
---------------------------------------------------------------------------------

Report BlackBoxes: 
+-+--------------+----------+
| |BlackBox name |Instances |
+-+--------------+----------+
+-+--------------+----------+

Report Cell Usage: 
+------+-------+------+
|      |Cell   |Count |
+------+-------+------+
|1     |BUFG   |     2|
|2     |CARRY4 |    58|
|3     |LUT1   |    95|
|4     |LUT2   |    23|
|5     |LUT3   |    29|
|6     |LUT4   |    46|
|7     |LUT5   |    85|
|8     |LUT6   |   105|
|9     |FDCE   |    39|
|10    |FDRE   |    45|
|11    |IBUF   |    14|
|12    |OBUF   |    12|
+------+-------+------+
---------------------------------------------------------------------------------
Finished Writing Synthesis Report : Time (s): cpu = 00:00:22 ; elapsed = 00:00:23 . Memory (MB): peak = 1225.574 ; gain = 189.793
---------------------------------------------------------------------------------
Synthesis finished with 0 errors, 0 critical warnings and 0 warnings.
Synthesis Optimization Runtime : Time (s): cpu = 00:00:18 ; elapsed = 00:00:22 . Memory (MB): peak = 1225.574 ; gain = 75.570
Synthesis Optimization Complete : Time (s): cpu = 00:00:22 ; elapsed = 00:00:23 . Memory (MB): peak = 1225.574 ; gain = 189.793
INFO: [Project 1-571] Translating synthesized netlist
Netlist sorting complete. Time (s): cpu = 00:00:00 ; elapsed = 00:00:00.006 . Memory (MB): peak = 1236.867 ; gain = 0.000
INFO: [Netlist 29-17] Analyzing 58 Unisim elements for replacement
INFO: [Netlist 29-28] Unisim Transformation completed in 0 CPU seconds
INFO: [Project 1-570] Preparing netlist for logic optimization
INFO: [Opt 31-138] Pushed 0 inverter(s) to 0 load pin(s).
Netlist sorting complete. Time (s): cpu = 00:00:00 ; elapsed = 00:00:00 . Memory (MB): peak = 1236.867 ; gain = 0.000
INFO: [Project 1-111] Unisim Transformation Summary:
No Unisim elements were transformed.

INFO: [Common 17-83] Releasing license: Synthesis
51 Infos, 0 Warnings, 0 Critical Warnings and 0 Errors encountered.
synth_design completed successfully
synth_design: Time (s): cpu = 00:00:25 ; elapsed = 00:00:28 . Memory (MB): peak = 1236.867 ; gain = 201.086
INFO: [Common 17-1381] The checkpoint 'D:/schoolfiles/School/cpe 133/exp13/multipler_6b/multipler_6b.runs/synth_1/mult_6b.dcp' has been generated.
INFO: [runtcl-4] Executing : report_utilization -file mult_6b_utilization_synth.rpt -pb mult_6b_utilization_synth.pb
INFO: [Common 17-206] Exiting Vivado at Thu Dec  1 00:28:58 2022...
