
*** Running vivado
    with args -log seq_detect_driver.vds -m64 -product Vivado -mode batch -messageDb vivado.pb -notrace -source seq_detect_driver.tcl



****** Vivado v2020.1 (64-bit)
  **** SW Build 2902540 on Wed May 27 19:54:49 MDT 2020
  **** IP Build 2902112 on Wed May 27 22:43:36 MDT 2020
    ** Copyright 1986-2020 Xilinx, Inc. All Rights Reserved.

source seq_detect_driver.tcl -notrace
Command: synth_design -top seq_detect_driver -part xc7a35tcpg236-1
Starting synth_design
Attempting to get a license for feature 'Synthesis' and/or device 'xc7a35t'
INFO: [Common 17-349] Got license for feature 'Synthesis' and/or device 'xc7a35t'
INFO: [Device 21-403] Loading part xc7a35tcpg236-1
INFO: [Synth 8-7079] Multithreading enabled for synth_design using a maximum of 2 processes.
INFO: [Synth 8-7078] Launching helper process for spawning children vivado processes
INFO: [Synth 8-7075] Helper process launched with PID 33200
---------------------------------------------------------------------------------
Starting RTL Elaboration : Time (s): cpu = 00:00:02 ; elapsed = 00:00:02 . Memory (MB): peak = 1035.879 ; gain = 0.000
---------------------------------------------------------------------------------
INFO: [Synth 8-6157] synthesizing module 'seq_detect_driver' [D:/schoolfiles/School/cpe 133/exp11/seq_det_fsm/seq_det_fsm.srcs/sources_1/imports/modules/seq_detect_driver_v1_09.v:47]
INFO: [Synth 8-6157] synthesizing module 'fsm_template' [D:/schoolfiles/School/cpe 133/exp11/seq_det_fsm/seq_det_fsm.srcs/sources_1/imports/modules/FSM_Template v1_00.v:23]
	Parameter st_0 bound to: 3'b000 
	Parameter st_1 bound to: 3'b001 
	Parameter st_2 bound to: 3'b010 
	Parameter st_3 bound to: 3'b011 
	Parameter st_4 bound to: 3'b100 
	Parameter st_5 bound to: 3'b101 
	Parameter st_6 bound to: 3'b110 
	Parameter st_7 bound to: 3'b111 
INFO: [Synth 8-226] default block is never used [D:/schoolfiles/School/cpe 133/exp11/seq_det_fsm/seq_det_fsm.srcs/sources_1/imports/modules/FSM_Template v1_00.v:43]
INFO: [Synth 8-6155] done synthesizing module 'fsm_template' (1#1) [D:/schoolfiles/School/cpe 133/exp11/seq_det_fsm/seq_det_fsm.srcs/sources_1/imports/modules/FSM_Template v1_00.v:23]
INFO: [Synth 8-226] default block is never used [D:/schoolfiles/School/cpe 133/exp11/seq_det_fsm/seq_det_fsm.srcs/sources_1/imports/modules/seq_detect_driver_v1_09.v:79]
INFO: [Synth 8-6157] synthesizing module 'clk_2n_div_test' [D:/schoolfiles/School/cpe 133/exp11/seq_det_fsm/seq_det_fsm.srcs/sources_1/imports/modules/clk_2n_div_test_v1_01.v:39]
	Parameter n bound to: 25 - type: integer 
INFO: [Synth 8-6155] done synthesizing module 'clk_2n_div_test' (2#1) [D:/schoolfiles/School/cpe 133/exp11/seq_det_fsm/seq_det_fsm.srcs/sources_1/imports/modules/clk_2n_div_test_v1_01.v:39]
INFO: [Synth 8-6157] synthesizing module 'mux_8t1_nb' [D:/schoolfiles/School/cpe 133/exp11/seq_det_fsm/seq_det_fsm.srcs/sources_1/imports/modules/mux_8t1_nb_v1_03.v:43]
	Parameter n bound to: 1 - type: integer 
INFO: [Synth 8-6155] done synthesizing module 'mux_8t1_nb' (3#1) [D:/schoolfiles/School/cpe 133/exp11/seq_det_fsm/seq_det_fsm.srcs/sources_1/imports/modules/mux_8t1_nb_v1_03.v:43]
INFO: [Synth 8-6157] synthesizing module 'cntr_up_clr_nb' [D:/schoolfiles/School/cpe 133/exp11/seq_det_fsm/seq_det_fsm.srcs/sources_1/imports/modules/cntr_up_clr_nb_v1_03.v:38]
	Parameter n bound to: 3 - type: integer 
INFO: [Synth 8-6155] done synthesizing module 'cntr_up_clr_nb' (4#1) [D:/schoolfiles/School/cpe 133/exp11/seq_det_fsm/seq_det_fsm.srcs/sources_1/imports/modules/cntr_up_clr_nb_v1_03.v:38]
INFO: [Synth 8-6157] synthesizing module 'cntr_up_clr_nb__parameterized0' [D:/schoolfiles/School/cpe 133/exp11/seq_det_fsm/seq_det_fsm.srcs/sources_1/imports/modules/cntr_up_clr_nb_v1_03.v:38]
	Parameter n bound to: 2 - type: integer 
INFO: [Synth 8-6155] done synthesizing module 'cntr_up_clr_nb__parameterized0' (4#1) [D:/schoolfiles/School/cpe 133/exp11/seq_det_fsm/seq_det_fsm.srcs/sources_1/imports/modules/cntr_up_clr_nb_v1_03.v:38]
INFO: [Synth 8-6157] synthesizing module 'clk_2n_div_test__parameterized0' [D:/schoolfiles/School/cpe 133/exp11/seq_det_fsm/seq_det_fsm.srcs/sources_1/imports/modules/clk_2n_div_test_v1_01.v:39]
	Parameter n bound to: 13 - type: integer 
INFO: [Synth 8-6155] done synthesizing module 'clk_2n_div_test__parameterized0' (4#1) [D:/schoolfiles/School/cpe 133/exp11/seq_det_fsm/seq_det_fsm.srcs/sources_1/imports/modules/clk_2n_div_test_v1_01.v:39]
INFO: [Synth 8-6157] synthesizing module 'stand_dcdr_2t4_1cold' [D:/schoolfiles/School/cpe 133/exp11/seq_det_fsm/seq_det_fsm.srcs/sources_1/imports/modules/stand_dcdr_2t4_1cold_v1_02.v:34]
INFO: [Synth 8-6155] done synthesizing module 'stand_dcdr_2t4_1cold' (5#1) [D:/schoolfiles/School/cpe 133/exp11/seq_det_fsm/seq_det_fsm.srcs/sources_1/imports/modules/stand_dcdr_2t4_1cold_v1_02.v:34]
INFO: [Synth 8-226] default block is never used [D:/schoolfiles/School/cpe 133/exp11/seq_det_fsm/seq_det_fsm.srcs/sources_1/imports/modules/seq_detect_driver_v1_09.v:171]
INFO: [Synth 8-226] default block is never used [D:/schoolfiles/School/cpe 133/exp11/seq_det_fsm/seq_det_fsm.srcs/sources_1/imports/modules/seq_detect_driver_v1_09.v:183]
INFO: [Synth 8-6157] synthesizing module 'mux_2t1_nb' [D:/schoolfiles/School/cpe 133/exp11/seq_det_fsm/seq_det_fsm.srcs/sources_1/imports/modules/mux_2t1_nb_v1_04.v:36]
	Parameter n bound to: 8 - type: integer 
INFO: [Synth 8-6155] done synthesizing module 'mux_2t1_nb' (6#1) [D:/schoolfiles/School/cpe 133/exp11/seq_det_fsm/seq_det_fsm.srcs/sources_1/imports/modules/mux_2t1_nb_v1_04.v:36]
INFO: [Synth 8-6155] done synthesizing module 'seq_detect_driver' (7#1) [D:/schoolfiles/School/cpe 133/exp11/seq_det_fsm/seq_det_fsm.srcs/sources_1/imports/modules/seq_detect_driver_v1_09.v:47]
---------------------------------------------------------------------------------
Finished RTL Elaboration : Time (s): cpu = 00:00:02 ; elapsed = 00:00:03 . Memory (MB): peak = 1035.879 ; gain = 0.000
---------------------------------------------------------------------------------
---------------------------------------------------------------------------------
Start Handling Custom Attributes
---------------------------------------------------------------------------------
---------------------------------------------------------------------------------
Finished Handling Custom Attributes : Time (s): cpu = 00:00:03 ; elapsed = 00:00:03 . Memory (MB): peak = 1035.879 ; gain = 0.000
---------------------------------------------------------------------------------
---------------------------------------------------------------------------------
Finished RTL Optimization Phase 1 : Time (s): cpu = 00:00:03 ; elapsed = 00:00:03 . Memory (MB): peak = 1035.879 ; gain = 0.000
---------------------------------------------------------------------------------
Netlist sorting complete. Time (s): cpu = 00:00:00 ; elapsed = 00:00:00.001 . Memory (MB): peak = 1035.879 ; gain = 0.000
INFO: [Project 1-570] Preparing netlist for logic optimization

Processing XDC Constraints
Initializing timing engine
Parsing XDC File [D:/schoolfiles/School/cpe 133/exp11/seq_det_fsm/seq_det_fsm.srcs/constrs_1/imports/cpe 133/modules/seg_detect_exp_v1_00.xdc]
Finished Parsing XDC File [D:/schoolfiles/School/cpe 133/exp11/seq_det_fsm/seq_det_fsm.srcs/constrs_1/imports/cpe 133/modules/seg_detect_exp_v1_00.xdc]
INFO: [Project 1-236] Implementation specific constraints were found while reading constraint file [D:/schoolfiles/School/cpe 133/exp11/seq_det_fsm/seq_det_fsm.srcs/constrs_1/imports/cpe 133/modules/seg_detect_exp_v1_00.xdc]. These constraints will be ignored for synthesis but will be used in implementation. Impacted constraints are listed in the file [.Xil/seq_detect_driver_propImpl.xdc].
Resolution: To avoid this warning, move constraints listed in [.Xil/seq_detect_driver_propImpl.xdc] to another XDC file and exclude this new file from synthesis with the used_in_synthesis property (File Properties dialog in GUI) and re-run elaboration/synthesis.
Completed Processing XDC Constraints

Netlist sorting complete. Time (s): cpu = 00:00:00 ; elapsed = 00:00:00 . Memory (MB): peak = 1138.805 ; gain = 0.000
INFO: [Project 1-111] Unisim Transformation Summary:
No Unisim elements were transformed.

Constraint Validation Runtime : Time (s): cpu = 00:00:00 ; elapsed = 00:00:00.005 . Memory (MB): peak = 1138.805 ; gain = 0.000
---------------------------------------------------------------------------------
Finished Constraint Validation : Time (s): cpu = 00:00:06 ; elapsed = 00:00:06 . Memory (MB): peak = 1138.805 ; gain = 102.926
---------------------------------------------------------------------------------
---------------------------------------------------------------------------------
Start Loading Part and Timing Information
---------------------------------------------------------------------------------
Loading part: xc7a35tcpg236-1
---------------------------------------------------------------------------------
Finished Loading Part and Timing Information : Time (s): cpu = 00:00:06 ; elapsed = 00:00:06 . Memory (MB): peak = 1138.805 ; gain = 102.926
---------------------------------------------------------------------------------
---------------------------------------------------------------------------------
Start Applying 'set_property' XDC Constraints
---------------------------------------------------------------------------------
---------------------------------------------------------------------------------
Finished applying 'set_property' XDC Constraints : Time (s): cpu = 00:00:06 ; elapsed = 00:00:06 . Memory (MB): peak = 1138.805 ; gain = 102.926
---------------------------------------------------------------------------------
INFO: [Synth 8-802] inferred FSM for state register 'PS_reg' in module 'fsm_template'
---------------------------------------------------------------------------------------------------
                   State |                     New Encoding |                Previous Encoding 
---------------------------------------------------------------------------------------------------
                    st_0 |                              000 |                              000
                    st_1 |                              001 |                              001
                    st_2 |                              010 |                              010
                    st_3 |                              011 |                              011
                    st_4 |                              100 |                              100
                    st_5 |                              101 |                              101
                    st_6 |                              110 |                              110
                    st_7 |                              111 |                              111
---------------------------------------------------------------------------------------------------
INFO: [Synth 8-3354] encoded FSM with state register 'PS_reg' using encoding 'sequential' in module 'fsm_template'
---------------------------------------------------------------------------------
Finished RTL Optimization Phase 2 : Time (s): cpu = 00:00:06 ; elapsed = 00:00:06 . Memory (MB): peak = 1138.805 ; gain = 102.926
---------------------------------------------------------------------------------
---------------------------------------------------------------------------------
Start RTL Component Statistics 
---------------------------------------------------------------------------------
Detailed RTL Component Info : 
+---Adders : 
	   2 Input    3 Bit       Adders := 1     
	   2 Input    2 Bit       Adders := 1     
+---Registers : 
	                3 Bit    Registers := 1     
	                2 Bit    Registers := 1     
+---Muxes : 
	   2 Input    8 Bit        Muxes := 1     
	   8 Input    8 Bit        Muxes := 1     
	   4 Input    8 Bit        Muxes := 2     
	   4 Input    4 Bit        Muxes := 1     
	   8 Input    3 Bit        Muxes := 1     
	   2 Input    3 Bit        Muxes := 15    
	   2 Input    2 Bit        Muxes := 1     
	   8 Input    1 Bit        Muxes := 1     
	   2 Input    1 Bit        Muxes := 4     
---------------------------------------------------------------------------------
Finished RTL Component Statistics 
---------------------------------------------------------------------------------
---------------------------------------------------------------------------------
Start Part Resource Summary
---------------------------------------------------------------------------------
Part Resources:
DSPs: 90 (col length:60)
BRAMs: 100 (col length: RAMB18 60 RAMB36 30)
---------------------------------------------------------------------------------
Finished Part Resource Summary
---------------------------------------------------------------------------------
---------------------------------------------------------------------------------
Start Cross Boundary and Area Optimization
---------------------------------------------------------------------------------
---------------------------------------------------------------------------------
Finished Cross Boundary and Area Optimization : Time (s): cpu = 00:00:07 ; elapsed = 00:00:07 . Memory (MB): peak = 1138.805 ; gain = 102.926
---------------------------------------------------------------------------------
---------------------------------------------------------------------------------
Start Applying XDC Timing Constraints
---------------------------------------------------------------------------------
---------------------------------------------------------------------------------
Finished Applying XDC Timing Constraints : Time (s): cpu = 00:00:10 ; elapsed = 00:00:11 . Memory (MB): peak = 1138.805 ; gain = 102.926
---------------------------------------------------------------------------------
---------------------------------------------------------------------------------
Start Timing Optimization
---------------------------------------------------------------------------------
---------------------------------------------------------------------------------
Finished Timing Optimization : Time (s): cpu = 00:00:10 ; elapsed = 00:00:11 . Memory (MB): peak = 1138.805 ; gain = 102.926
---------------------------------------------------------------------------------
---------------------------------------------------------------------------------
Start Technology Mapping
---------------------------------------------------------------------------------
---------------------------------------------------------------------------------
Finished Technology Mapping : Time (s): cpu = 00:00:10 ; elapsed = 00:00:11 . Memory (MB): peak = 1145.777 ; gain = 109.898
---------------------------------------------------------------------------------
---------------------------------------------------------------------------------
Start IO Insertion
---------------------------------------------------------------------------------
---------------------------------------------------------------------------------
Start Flattening Before IO Insertion
---------------------------------------------------------------------------------
---------------------------------------------------------------------------------
Finished Flattening Before IO Insertion
---------------------------------------------------------------------------------
---------------------------------------------------------------------------------
Start Final Netlist Cleanup
---------------------------------------------------------------------------------
---------------------------------------------------------------------------------
Finished Final Netlist Cleanup
---------------------------------------------------------------------------------
---------------------------------------------------------------------------------
Finished IO Insertion : Time (s): cpu = 00:00:12 ; elapsed = 00:00:13 . Memory (MB): peak = 1152.531 ; gain = 116.652
---------------------------------------------------------------------------------
---------------------------------------------------------------------------------
Start Renaming Generated Instances
---------------------------------------------------------------------------------
---------------------------------------------------------------------------------
Finished Renaming Generated Instances : Time (s): cpu = 00:00:12 ; elapsed = 00:00:13 . Memory (MB): peak = 1152.531 ; gain = 116.652
---------------------------------------------------------------------------------
---------------------------------------------------------------------------------
Start Rebuilding User Hierarchy
---------------------------------------------------------------------------------
---------------------------------------------------------------------------------
Finished Rebuilding User Hierarchy : Time (s): cpu = 00:00:12 ; elapsed = 00:00:13 . Memory (MB): peak = 1152.531 ; gain = 116.652
---------------------------------------------------------------------------------
---------------------------------------------------------------------------------
Start Renaming Generated Ports
---------------------------------------------------------------------------------
---------------------------------------------------------------------------------
Finished Renaming Generated Ports : Time (s): cpu = 00:00:12 ; elapsed = 00:00:13 . Memory (MB): peak = 1152.531 ; gain = 116.652
---------------------------------------------------------------------------------
---------------------------------------------------------------------------------
Start Handling Custom Attributes
---------------------------------------------------------------------------------
---------------------------------------------------------------------------------
Finished Handling Custom Attributes : Time (s): cpu = 00:00:12 ; elapsed = 00:00:13 . Memory (MB): peak = 1152.531 ; gain = 116.652
---------------------------------------------------------------------------------
---------------------------------------------------------------------------------
Start Renaming Generated Nets
---------------------------------------------------------------------------------
---------------------------------------------------------------------------------
Finished Renaming Generated Nets : Time (s): cpu = 00:00:12 ; elapsed = 00:00:13 . Memory (MB): peak = 1152.531 ; gain = 116.652
---------------------------------------------------------------------------------
---------------------------------------------------------------------------------
Start Writing Synthesis Report
---------------------------------------------------------------------------------

Report BlackBoxes: 
+-+--------------+----------+
| |BlackBox name |Instances |
+-+--------------+----------+
+-+--------------+----------+

Report Cell Usage: 
+------+-------+------+
|      |Cell   |Count |
+------+-------+------+
|1     |BUFG   |     1|
|2     |CARRY4 |    11|
|3     |LUT1   |     4|
|4     |LUT2   |     7|
|5     |LUT3   |     9|
|6     |LUT5   |     8|
|7     |LUT6   |     2|
|8     |MUXF7  |     1|
|9     |FDCE   |     3|
|10    |FDRE   |    45|
|11    |IBUF   |    11|
|12    |OBUF   |    20|
+------+-------+------+
---------------------------------------------------------------------------------
Finished Writing Synthesis Report : Time (s): cpu = 00:00:12 ; elapsed = 00:00:13 . Memory (MB): peak = 1152.531 ; gain = 116.652
---------------------------------------------------------------------------------
Synthesis finished with 0 errors, 0 critical warnings and 0 warnings.
Synthesis Optimization Runtime : Time (s): cpu = 00:00:08 ; elapsed = 00:00:12 . Memory (MB): peak = 1152.531 ; gain = 13.727
Synthesis Optimization Complete : Time (s): cpu = 00:00:12 ; elapsed = 00:00:13 . Memory (MB): peak = 1152.531 ; gain = 116.652
INFO: [Project 1-571] Translating synthesized netlist
Netlist sorting complete. Time (s): cpu = 00:00:00 ; elapsed = 00:00:00.001 . Memory (MB): peak = 1164.621 ; gain = 0.000
INFO: [Netlist 29-17] Analyzing 12 Unisim elements for replacement
INFO: [Netlist 29-28] Unisim Transformation completed in 0 CPU seconds
INFO: [Project 1-570] Preparing netlist for logic optimization
INFO: [Opt 31-138] Pushed 0 inverter(s) to 0 load pin(s).
Netlist sorting complete. Time (s): cpu = 00:00:00 ; elapsed = 00:00:00 . Memory (MB): peak = 1165.621 ; gain = 0.000
INFO: [Project 1-111] Unisim Transformation Summary:
No Unisim elements were transformed.

INFO: [Common 17-83] Releasing license: Synthesis
39 Infos, 0 Warnings, 0 Critical Warnings and 0 Errors encountered.
synth_design completed successfully
synth_design: Time (s): cpu = 00:00:16 ; elapsed = 00:00:17 . Memory (MB): peak = 1165.621 ; gain = 129.742
INFO: [Common 17-1381] The checkpoint 'D:/schoolfiles/School/cpe 133/exp11/seq_det_fsm/seq_det_fsm.runs/synth_1/seq_detect_driver.dcp' has been generated.
INFO: [runtcl-4] Executing : report_utilization -file seq_detect_driver_utilization_synth.rpt -pb seq_detect_driver_utilization_synth.pb
INFO: [Common 17-206] Exiting Vivado at Fri Nov 18 00:05:23 2022...
