
*** Running vivado
    with args -log signed_5b_adder_t_sseg.vds -m64 -product Vivado -mode batch -messageDb vivado.pb -notrace -source signed_5b_adder_t_sseg.tcl



****** Vivado v2020.1 (64-bit)
  **** SW Build 2902540 on Wed May 27 19:54:49 MDT 2020
  **** IP Build 2902112 on Wed May 27 22:43:36 MDT 2020
    ** Copyright 1986-2020 Xilinx, Inc. All Rights Reserved.

source signed_5b_adder_t_sseg.tcl -notrace
Command: synth_design -top signed_5b_adder_t_sseg -part xc7a35tcpg236-1
Starting synth_design
Attempting to get a license for feature 'Synthesis' and/or device 'xc7a35t'
INFO: [Common 17-349] Got license for feature 'Synthesis' and/or device 'xc7a35t'
INFO: [Device 21-403] Loading part xc7a35tcpg236-1
INFO: [Synth 8-7079] Multithreading enabled for synth_design using a maximum of 2 processes.
INFO: [Synth 8-7078] Launching helper process for spawning children vivado processes
INFO: [Synth 8-7075] Helper process launched with PID 16588
---------------------------------------------------------------------------------
Starting RTL Elaboration : Time (s): cpu = 00:00:04 ; elapsed = 00:00:04 . Memory (MB): peak = 1036.160 ; gain = 0.000
---------------------------------------------------------------------------------
INFO: [Synth 8-6157] synthesizing module 'signed_5b_adder_t_sseg' [D:/schoolfiles/School/cpe 133/exp7/signed_5b_adder/signed_5b_adder.srcs/sources_1/new/signed_5b_adder_t_sseg.v:23]
INFO: [Synth 8-6157] synthesizing module 'signed_5b_adder' [D:/schoolfiles/School/cpe 133/exp7/signed_5b_adder/signed_5b_adder.srcs/sources_1/new/signed_5b_adder.v:23]
INFO: [Synth 8-6157] synthesizing module 'nb_twos_comp' [D:/schoolfiles/School/cpe 133/exp7/signed_5b_adder/signed_5b_adder.srcs/sources_1/imports/Downloads/rc_sign_changer_v1_01.v:30]
	Parameter n bound to: 5 - type: integer 
INFO: [Synth 8-6155] done synthesizing module 'nb_twos_comp' (1#1) [D:/schoolfiles/School/cpe 133/exp7/signed_5b_adder/signed_5b_adder.srcs/sources_1/imports/Downloads/rc_sign_changer_v1_01.v:30]
INFO: [Synth 8-6157] synthesizing module 'mux_2t1_nb' [D:/schoolfiles/School/cpe 133/exp7/signed_5b_adder/signed_5b_adder.srcs/sources_1/imports/Downloads/mux_2t1_nb_v1_04.v:36]
	Parameter n bound to: 5 - type: integer 
INFO: [Synth 8-6155] done synthesizing module 'mux_2t1_nb' (2#1) [D:/schoolfiles/School/cpe 133/exp7/signed_5b_adder/signed_5b_adder.srcs/sources_1/imports/Downloads/mux_2t1_nb_v1_04.v:36]
INFO: [Synth 8-6157] synthesizing module 'rca_nb' [D:/schoolfiles/School/cpe 133/exp7/signed_5b_adder/signed_5b_adder.srcs/sources_1/imports/Downloads/rca_nb_v1_04.v:40]
	Parameter n bound to: 5 - type: integer 
INFO: [Synth 8-6155] done synthesizing module 'rca_nb' (3#1) [D:/schoolfiles/School/cpe 133/exp7/signed_5b_adder/signed_5b_adder.srcs/sources_1/imports/Downloads/rca_nb_v1_04.v:40]
INFO: [Synth 8-6157] synthesizing module 'nb_twos_comp__parameterized0' [D:/schoolfiles/School/cpe 133/exp7/signed_5b_adder/signed_5b_adder.srcs/sources_1/imports/Downloads/rc_sign_changer_v1_01.v:30]
	Parameter n bound to: 14 - type: integer 
INFO: [Synth 8-6155] done synthesizing module 'nb_twos_comp__parameterized0' (3#1) [D:/schoolfiles/School/cpe 133/exp7/signed_5b_adder/signed_5b_adder.srcs/sources_1/imports/Downloads/rc_sign_changer_v1_01.v:30]
INFO: [Synth 8-6157] synthesizing module 'mux_2t1_nb__parameterized0' [D:/schoolfiles/School/cpe 133/exp7/signed_5b_adder/signed_5b_adder.srcs/sources_1/imports/Downloads/mux_2t1_nb_v1_04.v:36]
	Parameter n bound to: 14 - type: integer 
INFO: [Synth 8-6155] done synthesizing module 'mux_2t1_nb__parameterized0' (3#1) [D:/schoolfiles/School/cpe 133/exp7/signed_5b_adder/signed_5b_adder.srcs/sources_1/imports/Downloads/mux_2t1_nb_v1_04.v:36]
INFO: [Synth 8-6157] synthesizing module 'rc_valid_chk' [D:/schoolfiles/School/cpe 133/exp7/signed_5b_adder/signed_5b_adder.srcs/sources_1/imports/Downloads/rc_valid_chk_v1_00.v:34]
INFO: [Synth 8-6155] done synthesizing module 'rc_valid_chk' (4#1) [D:/schoolfiles/School/cpe 133/exp7/signed_5b_adder/signed_5b_adder.srcs/sources_1/imports/Downloads/rc_valid_chk_v1_00.v:34]
INFO: [Synth 8-6155] done synthesizing module 'signed_5b_adder' (5#1) [D:/schoolfiles/School/cpe 133/exp7/signed_5b_adder/signed_5b_adder.srcs/sources_1/new/signed_5b_adder.v:23]
INFO: [Synth 8-6157] synthesizing module 'univ_sseg' [D:/schoolfiles/School/cpe 133/exp7/signed_5b_adder/signed_5b_adder.srcs/sources_1/imports/Downloads/univ_sseg_v1_05.v:82]
INFO: [Synth 8-6157] synthesizing module 'cnt_convert_14b' [D:/schoolfiles/School/cpe 133/exp7/signed_5b_adder/signed_5b_adder.srcs/sources_1/imports/Downloads/univ_sseg_v1_05.v:275]
INFO: [Synth 8-226] default block is never used [D:/schoolfiles/School/cpe 133/exp7/signed_5b_adder/signed_5b_adder.srcs/sources_1/imports/Downloads/univ_sseg_v1_05.v:294]
INFO: [Synth 8-6155] done synthesizing module 'cnt_convert_14b' (6#1) [D:/schoolfiles/School/cpe 133/exp7/signed_5b_adder/signed_5b_adder.srcs/sources_1/imports/Downloads/univ_sseg_v1_05.v:275]
INFO: [Synth 8-6157] synthesizing module 'cnt_convert_7b' [D:/schoolfiles/School/cpe 133/exp7/signed_5b_adder/signed_5b_adder.srcs/sources_1/imports/Downloads/univ_sseg_v1_05.v:373]
INFO: [Synth 8-6155] done synthesizing module 'cnt_convert_7b' (7#1) [D:/schoolfiles/School/cpe 133/exp7/signed_5b_adder/signed_5b_adder.srcs/sources_1/imports/Downloads/univ_sseg_v1_05.v:373]
INFO: [Synth 8-6157] synthesizing module 'clk_divder' [D:/schoolfiles/School/cpe 133/exp7/signed_5b_adder/signed_5b_adder.srcs/sources_1/imports/Downloads/univ_sseg_v1_05.v:258]
	Parameter n bound to: 13 - type: integer 
INFO: [Synth 8-6155] done synthesizing module 'clk_divder' (8#1) [D:/schoolfiles/School/cpe 133/exp7/signed_5b_adder/signed_5b_adder.srcs/sources_1/imports/Downloads/univ_sseg_v1_05.v:258]
INFO: [Synth 8-226] default block is never used [D:/schoolfiles/School/cpe 133/exp7/signed_5b_adder/signed_5b_adder.srcs/sources_1/imports/Downloads/univ_sseg_v1_05.v:129]
INFO: [Synth 8-226] default block is never used [D:/schoolfiles/School/cpe 133/exp7/signed_5b_adder/signed_5b_adder.srcs/sources_1/imports/Downloads/univ_sseg_v1_05.v:145]
INFO: [Synth 8-226] default block is never used [D:/schoolfiles/School/cpe 133/exp7/signed_5b_adder/signed_5b_adder.srcs/sources_1/imports/Downloads/univ_sseg_v1_05.v:157]
INFO: [Synth 8-226] default block is never used [D:/schoolfiles/School/cpe 133/exp7/signed_5b_adder/signed_5b_adder.srcs/sources_1/imports/Downloads/univ_sseg_v1_05.v:169]
INFO: [Synth 8-226] default block is never used [D:/schoolfiles/School/cpe 133/exp7/signed_5b_adder/signed_5b_adder.srcs/sources_1/imports/Downloads/univ_sseg_v1_05.v:181]
INFO: [Synth 8-226] default block is never used [D:/schoolfiles/School/cpe 133/exp7/signed_5b_adder/signed_5b_adder.srcs/sources_1/imports/Downloads/univ_sseg_v1_05.v:193]
INFO: [Synth 8-6155] done synthesizing module 'univ_sseg' (9#1) [D:/schoolfiles/School/cpe 133/exp7/signed_5b_adder/signed_5b_adder.srcs/sources_1/imports/Downloads/univ_sseg_v1_05.v:82]
INFO: [Synth 8-6155] done synthesizing module 'signed_5b_adder_t_sseg' (10#1) [D:/schoolfiles/School/cpe 133/exp7/signed_5b_adder/signed_5b_adder.srcs/sources_1/new/signed_5b_adder_t_sseg.v:23]
---------------------------------------------------------------------------------
Finished RTL Elaboration : Time (s): cpu = 00:00:05 ; elapsed = 00:00:05 . Memory (MB): peak = 1037.133 ; gain = 0.973
---------------------------------------------------------------------------------
---------------------------------------------------------------------------------
Start Handling Custom Attributes
---------------------------------------------------------------------------------
---------------------------------------------------------------------------------
Finished Handling Custom Attributes : Time (s): cpu = 00:00:05 ; elapsed = 00:00:06 . Memory (MB): peak = 1037.133 ; gain = 0.973
---------------------------------------------------------------------------------
---------------------------------------------------------------------------------
Finished RTL Optimization Phase 1 : Time (s): cpu = 00:00:05 ; elapsed = 00:00:06 . Memory (MB): peak = 1037.133 ; gain = 0.973
---------------------------------------------------------------------------------
Netlist sorting complete. Time (s): cpu = 00:00:00 ; elapsed = 00:00:00.006 . Memory (MB): peak = 1037.133 ; gain = 0.000
INFO: [Project 1-570] Preparing netlist for logic optimization

Processing XDC Constraints
Initializing timing engine
Parsing XDC File [D:/schoolfiles/School/cpe 133/exp7/signed_5b_adder/signed_5b_adder.srcs/constrs_1/imports/Downloads/Basys3_Master_v1_03.xdc]
Finished Parsing XDC File [D:/schoolfiles/School/cpe 133/exp7/signed_5b_adder/signed_5b_adder.srcs/constrs_1/imports/Downloads/Basys3_Master_v1_03.xdc]
INFO: [Project 1-236] Implementation specific constraints were found while reading constraint file [D:/schoolfiles/School/cpe 133/exp7/signed_5b_adder/signed_5b_adder.srcs/constrs_1/imports/Downloads/Basys3_Master_v1_03.xdc]. These constraints will be ignored for synthesis but will be used in implementation. Impacted constraints are listed in the file [.Xil/signed_5b_adder_t_sseg_propImpl.xdc].
Resolution: To avoid this warning, move constraints listed in [.Xil/signed_5b_adder_t_sseg_propImpl.xdc] to another XDC file and exclude this new file from synthesis with the used_in_synthesis property (File Properties dialog in GUI) and re-run elaboration/synthesis.
Completed Processing XDC Constraints

Netlist sorting complete. Time (s): cpu = 00:00:00 ; elapsed = 00:00:00 . Memory (MB): peak = 1154.102 ; gain = 0.000
INFO: [Project 1-111] Unisim Transformation Summary:
No Unisim elements were transformed.

Constraint Validation Runtime : Time (s): cpu = 00:00:00 ; elapsed = 00:00:00.006 . Memory (MB): peak = 1154.102 ; gain = 0.000
---------------------------------------------------------------------------------
Finished Constraint Validation : Time (s): cpu = 00:00:11 ; elapsed = 00:00:12 . Memory (MB): peak = 1154.102 ; gain = 117.941
---------------------------------------------------------------------------------
---------------------------------------------------------------------------------
Start Loading Part and Timing Information
---------------------------------------------------------------------------------
Loading part: xc7a35tcpg236-1
---------------------------------------------------------------------------------
Finished Loading Part and Timing Information : Time (s): cpu = 00:00:11 ; elapsed = 00:00:12 . Memory (MB): peak = 1154.102 ; gain = 117.941
---------------------------------------------------------------------------------
---------------------------------------------------------------------------------
Start Applying 'set_property' XDC Constraints
---------------------------------------------------------------------------------
---------------------------------------------------------------------------------
Finished applying 'set_property' XDC Constraints : Time (s): cpu = 00:00:11 ; elapsed = 00:00:12 . Memory (MB): peak = 1154.102 ; gain = 117.941
---------------------------------------------------------------------------------
---------------------------------------------------------------------------------
Finished RTL Optimization Phase 2 : Time (s): cpu = 00:00:11 ; elapsed = 00:00:13 . Memory (MB): peak = 1154.102 ; gain = 117.941
---------------------------------------------------------------------------------
---------------------------------------------------------------------------------
Start RTL Component Statistics 
---------------------------------------------------------------------------------
Detailed RTL Component Info : 
+---Adders : 
	   2 Input   14 Bit       Adders := 18    
	   3 Input    6 Bit       Adders := 1     
	   2 Input    4 Bit       Adders := 14    
	   2 Input    2 Bit       Adders := 1     
+---Registers : 
	                2 Bit    Registers := 1     
+---Muxes : 
	   2 Input   14 Bit        Muxes := 1     
	   4 Input   14 Bit        Muxes := 1     
	   2 Input    8 Bit        Muxes := 2     
	   2 Input    5 Bit        Muxes := 1     
	   8 Input    4 Bit        Muxes := 1     
	   4 Input    4 Bit        Muxes := 5     
---------------------------------------------------------------------------------
Finished RTL Component Statistics 
---------------------------------------------------------------------------------
---------------------------------------------------------------------------------
Start Part Resource Summary
---------------------------------------------------------------------------------
Part Resources:
DSPs: 90 (col length:60)
BRAMs: 100 (col length: RAMB18 60 RAMB36 30)
---------------------------------------------------------------------------------
Finished Part Resource Summary
---------------------------------------------------------------------------------
---------------------------------------------------------------------------------
Start Cross Boundary and Area Optimization
---------------------------------------------------------------------------------
---------------------------------------------------------------------------------
Finished Cross Boundary and Area Optimization : Time (s): cpu = 00:00:14 ; elapsed = 00:00:16 . Memory (MB): peak = 1154.102 ; gain = 117.941
---------------------------------------------------------------------------------
---------------------------------------------------------------------------------
Start Applying XDC Timing Constraints
---------------------------------------------------------------------------------
---------------------------------------------------------------------------------
Finished Applying XDC Timing Constraints : Time (s): cpu = 00:00:21 ; elapsed = 00:00:23 . Memory (MB): peak = 1154.102 ; gain = 117.941
---------------------------------------------------------------------------------
---------------------------------------------------------------------------------
Start Timing Optimization
---------------------------------------------------------------------------------
---------------------------------------------------------------------------------
Finished Timing Optimization : Time (s): cpu = 00:00:21 ; elapsed = 00:00:23 . Memory (MB): peak = 1154.102 ; gain = 117.941
---------------------------------------------------------------------------------
---------------------------------------------------------------------------------
Start Technology Mapping
---------------------------------------------------------------------------------
---------------------------------------------------------------------------------
Finished Technology Mapping : Time (s): cpu = 00:00:21 ; elapsed = 00:00:23 . Memory (MB): peak = 1154.594 ; gain = 118.434
---------------------------------------------------------------------------------
---------------------------------------------------------------------------------
Start IO Insertion
---------------------------------------------------------------------------------
---------------------------------------------------------------------------------
Start Flattening Before IO Insertion
---------------------------------------------------------------------------------
---------------------------------------------------------------------------------
Finished Flattening Before IO Insertion
---------------------------------------------------------------------------------
---------------------------------------------------------------------------------
Start Final Netlist Cleanup
---------------------------------------------------------------------------------
---------------------------------------------------------------------------------
Finished Final Netlist Cleanup
---------------------------------------------------------------------------------
---------------------------------------------------------------------------------
Finished IO Insertion : Time (s): cpu = 00:00:24 ; elapsed = 00:00:26 . Memory (MB): peak = 1160.391 ; gain = 124.230
---------------------------------------------------------------------------------
---------------------------------------------------------------------------------
Start Renaming Generated Instances
---------------------------------------------------------------------------------
---------------------------------------------------------------------------------
Finished Renaming Generated Instances : Time (s): cpu = 00:00:24 ; elapsed = 00:00:26 . Memory (MB): peak = 1160.391 ; gain = 124.230
---------------------------------------------------------------------------------
---------------------------------------------------------------------------------
Start Rebuilding User Hierarchy
---------------------------------------------------------------------------------
---------------------------------------------------------------------------------
Finished Rebuilding User Hierarchy : Time (s): cpu = 00:00:24 ; elapsed = 00:00:26 . Memory (MB): peak = 1160.391 ; gain = 124.230
---------------------------------------------------------------------------------
---------------------------------------------------------------------------------
Start Renaming Generated Ports
---------------------------------------------------------------------------------
---------------------------------------------------------------------------------
Finished Renaming Generated Ports : Time (s): cpu = 00:00:24 ; elapsed = 00:00:26 . Memory (MB): peak = 1160.391 ; gain = 124.230
---------------------------------------------------------------------------------
---------------------------------------------------------------------------------
Start Handling Custom Attributes
---------------------------------------------------------------------------------
---------------------------------------------------------------------------------
Finished Handling Custom Attributes : Time (s): cpu = 00:00:24 ; elapsed = 00:00:26 . Memory (MB): peak = 1160.391 ; gain = 124.230
---------------------------------------------------------------------------------
---------------------------------------------------------------------------------
Start Renaming Generated Nets
---------------------------------------------------------------------------------
---------------------------------------------------------------------------------
Finished Renaming Generated Nets : Time (s): cpu = 00:00:24 ; elapsed = 00:00:26 . Memory (MB): peak = 1160.391 ; gain = 124.230
---------------------------------------------------------------------------------
---------------------------------------------------------------------------------
Start Writing Synthesis Report
---------------------------------------------------------------------------------

Report BlackBoxes: 
+-+--------------+----------+
| |BlackBox name |Instances |
+-+--------------+----------+
+-+--------------+----------+

Report Cell Usage: 
+------+-------+------+
|      |Cell   |Count |
+------+-------+------+
|1     |BUFG   |     1|
|2     |CARRY4 |     4|
|3     |LUT1   |     2|
|4     |LUT2   |     7|
|5     |LUT3   |     1|
|6     |LUT4   |     1|
|7     |LUT5   |    15|
|8     |LUT6   |    11|
|9     |FDRE   |    16|
|10    |IBUF   |    12|
|11    |OBUF   |    12|
+------+-------+------+
---------------------------------------------------------------------------------
Finished Writing Synthesis Report : Time (s): cpu = 00:00:24 ; elapsed = 00:00:26 . Memory (MB): peak = 1160.391 ; gain = 124.230
---------------------------------------------------------------------------------
Synthesis finished with 0 errors, 0 critical warnings and 0 warnings.
Synthesis Optimization Runtime : Time (s): cpu = 00:00:18 ; elapsed = 00:00:24 . Memory (MB): peak = 1160.391 ; gain = 7.262
Synthesis Optimization Complete : Time (s): cpu = 00:00:25 ; elapsed = 00:00:26 . Memory (MB): peak = 1160.391 ; gain = 124.230
INFO: [Project 1-571] Translating synthesized netlist
Netlist sorting complete. Time (s): cpu = 00:00:00 ; elapsed = 00:00:00 . Memory (MB): peak = 1172.449 ; gain = 0.000
INFO: [Netlist 29-17] Analyzing 4 Unisim elements for replacement
INFO: [Netlist 29-28] Unisim Transformation completed in 0 CPU seconds
INFO: [Project 1-570] Preparing netlist for logic optimization
INFO: [Opt 31-138] Pushed 0 inverter(s) to 0 load pin(s).
Netlist sorting complete. Time (s): cpu = 00:00:00 ; elapsed = 00:00:00 . Memory (MB): peak = 1172.449 ; gain = 0.000
INFO: [Project 1-111] Unisim Transformation Summary:
No Unisim elements were transformed.

INFO: [Common 17-83] Releasing license: Synthesis
46 Infos, 0 Warnings, 0 Critical Warnings and 0 Errors encountered.
synth_design completed successfully
synth_design: Time (s): cpu = 00:00:31 ; elapsed = 00:00:33 . Memory (MB): peak = 1172.449 ; gain = 136.289
INFO: [Common 17-1381] The checkpoint 'D:/schoolfiles/School/cpe 133/exp7/signed_5b_adder/signed_5b_adder.runs/synth_1/signed_5b_adder_t_sseg.dcp' has been generated.
INFO: [runtcl-4] Executing : report_utilization -file signed_5b_adder_t_sseg_utilization_synth.rpt -pb signed_5b_adder_t_sseg_utilization_synth.pb
INFO: [Common 17-206] Exiting Vivado at Fri Oct 21 19:04:49 2022...
