#-----------------------------------------------------------
# Vivado v2020.1 (64-bit)
# SW Build 2902540 on Wed May 27 19:54:49 MDT 2020
# IP Build 2902112 on Wed May 27 22:43:36 MDT 2020
# Start of session at: Tue Nov  8 17:31:12 2022
# Process ID: 26336
# Current directory: D:/schoolfiles/School/cpe 133/exp9/cntr_4b_multiplexed_7seg
# Command line: vivado.exe -gui_launcher_event rodinguilauncherevent9168 D:\schoolfiles\School\cpe 133\exp9\cntr_4b_multiplexed_7seg\cntr_4b_multiplexed_7seg.xpr
# Log file: D:/schoolfiles/School/cpe 133/exp9/cntr_4b_multiplexed_7seg/vivado.log
# Journal file: D:/schoolfiles/School/cpe 133/exp9/cntr_4b_multiplexed_7seg\vivado.jou
#-----------------------------------------------------------
start_gui
open_project {D:/schoolfiles/School/cpe 133/exp9/cntr_4b_multiplexed_7seg/cntr_4b_multiplexed_7seg.xpr}
Scanning sources...
Finished scanning sources
INFO: [IP_Flow 19-234] Refreshing IP repositories
INFO: [IP_Flow 19-1704] No user IP repositories specified
INFO: [IP_Flow 19-2313] Loaded Vivado IP repository 'C:/Xilinx/Vivado/2020.1/data/ip'.
update_compile_order -fileset sources_1
exit
INFO: [Common 17-206] Exiting Vivado at Tue Nov  8 20:23:32 2022...
