#-----------------------------------------------------------
# Vivado v2020.1 (64-bit)
# SW Build 2902540 on Wed May 27 19:54:49 MDT 2020
# IP Build 2902112 on Wed May 27 22:43:36 MDT 2020
# Start of session at: Wed Nov  9 10:39:48 2022
# Process ID: 13516
# Current directory: D:/schoolfiles/School/cpe 133/exp12/fib_seq_gen
# Command line: vivado.exe -gui_launcher_event rodinguilauncherevent6832 D:\schoolfiles\School\cpe 133\exp12\fib_seq_gen\fib_seq_gen.xpr
# Log file: D:/schoolfiles/School/cpe 133/exp12/fib_seq_gen/vivado.log
# Journal file: D:/schoolfiles/School/cpe 133/exp12/fib_seq_gen\vivado.jou
#-----------------------------------------------------------
start_gui
open_project {D:/schoolfiles/School/cpe 133/exp12/fib_seq_gen/fib_seq_gen.xpr}
Scanning sources...
Finished scanning sources
INFO: [IP_Flow 19-234] Refreshing IP repositories
INFO: [IP_Flow 19-1704] No user IP repositories specified
INFO: [IP_Flow 19-2313] Loaded Vivado IP repository 'C:/Xilinx/Vivado/2020.1/data/ip'.
update_compile_order -fileset sources_1
close [ open {D:/schoolfiles/School/cpe 133/exp12/fib_seq_gen/fib_seq_gen.srcs/sources_1/new/fib_gen.v} w ]
add_files {{D:/schoolfiles/School/cpe 133/exp12/fib_seq_gen/fib_seq_gen.srcs/sources_1/new/fib_gen.v}}
update_compile_order -fileset sources_1
update_compile_order -fileset sources_1
update_compile_order -fileset sources_1
import_files -norecurse {{D:/schoolfiles/School/cpe 133/modules/reg_nb_v1_03.v}}
update_compile_order -fileset sources_1
update_compile_order -fileset sources_1
reset_run synth_1
launch_runs impl_1 -to_step write_bitstream -jobs 4
[Wed Nov  9 11:02:17 2022] Launched synth_1...
Run output will be captured here: D:/schoolfiles/School/cpe 133/exp12/fib_seq_gen/fib_seq_gen.runs/synth_1/runme.log
[Wed Nov  9 11:02:17 2022] Launched impl_1...
Run output will be captured here: D:/schoolfiles/School/cpe 133/exp12/fib_seq_gen/fib_seq_gen.runs/impl_1/runme.log
reset_run synth_1
launch_runs impl_1 -to_step write_bitstream -jobs 4
[Wed Nov  9 11:04:44 2022] Launched synth_1...
Run output will be captured here: D:/schoolfiles/School/cpe 133/exp12/fib_seq_gen/fib_seq_gen.runs/synth_1/runme.log
[Wed Nov  9 11:04:44 2022] Launched impl_1...
Run output will be captured here: D:/schoolfiles/School/cpe 133/exp12/fib_seq_gen/fib_seq_gen.runs/impl_1/runme.log
open_hw_manager
connect_hw_server -allow_non_jtag
INFO: [Labtools 27-2285] Connecting to hw_server url TCP:localhost:3121
INFO: [Labtools 27-2222] Launching hw_server...
INFO: [Labtools 27-2221] Launch Output:

****** Xilinx hw_server v2020.1
  **** Build date : May 27 2020 at 20:24:38
    ** Copyright 1986-2020 Xilinx, Inc. All Rights Reserved.


INFO: [Labtools 27-3415] Connecting to cs_server url TCP:localhost:3042
INFO: [Labtools 27-3417] Launching cs_server...
INFO: [Labtools 27-2221] Launch Output:


****** Xilinx cs_server v2020.1.0
  **** Build date : May 13 2020-18:10:29
    ** Copyright 2017-2020 Xilinx, Inc. All Rights Reserved.



connect_hw_server: Time (s): cpu = 00:00:01 ; elapsed = 00:00:06 . Memory (MB): peak = 1077.117 ; gain = 10.000
open_hw_target
INFO: [Labtoolstcl 44-466] Opening hw_target localhost:3121/xilinx_tcf/Digilent/210183B5A835A
set_property PROGRAM.FILE {D:/schoolfiles/School/cpe 133/exp12/fib_seq_gen/fib_seq_gen.runs/impl_1/test.bit} [get_hw_devices xc7a35t_0]
current_hw_device [get_hw_devices xc7a35t_0]
refresh_hw_device -update_hw_probes false [lindex [get_hw_devices xc7a35t_0] 0]
INFO: [Labtools 27-1434] Device xc7a35t (JTAG device index = 0) is programmed with a design that has no supported debug core(s) in it.
set_property PROBES.FILE {} [get_hw_devices xc7a35t_0]
set_property FULL_PROBES.FILE {} [get_hw_devices xc7a35t_0]
set_property PROGRAM.FILE {D:/schoolfiles/School/cpe 133/exp12/fib_seq_gen/fib_seq_gen.runs/impl_1/test.bit} [get_hw_devices xc7a35t_0]
program_hw_devices [get_hw_devices xc7a35t_0]
INFO: [Labtools 27-3164] End of startup status: HIGH
refresh_hw_device [lindex [get_hw_devices xc7a35t_0] 0]
INFO: [Labtools 27-1434] Device xc7a35t (JTAG device index = 0) is programmed with a design that has no supported debug core(s) in it.
set_property PROBES.FILE {} [get_hw_devices xc7a35t_0]
set_property FULL_PROBES.FILE {} [get_hw_devices xc7a35t_0]
set_property PROGRAM.FILE {D:/schoolfiles/School/cpe 133/exp12/fib_seq_gen/fib_seq_gen.runs/impl_1/test.bit} [get_hw_devices xc7a35t_0]
program_hw_devices [get_hw_devices xc7a35t_0]
INFO: [Labtools 27-3164] End of startup status: HIGH
refresh_hw_device [lindex [get_hw_devices xc7a35t_0] 0]
INFO: [Labtools 27-1434] Device xc7a35t (JTAG device index = 0) is programmed with a design that has no supported debug core(s) in it.
ERROR: [Labtoolstcl 44-513] HW Target shutdown. Closing target: localhost:3121/xilinx_tcf/Digilent/210183B5A835A
INFO: [Labtoolstcl 44-466] Opening hw_target localhost:3121/xilinx_tcf/Digilent/210183B5A835A
INFO: [Labtools 27-1434] Device xc7a35t (JTAG device index = 0) is programmed with a design that has no supported debug core(s) in it.
WARNING: [Labtoolstcl 44-129] No matching hw_ila_data was found.
reset_run synth_1
launch_runs impl_1 -to_step write_bitstream -jobs 4
[Wed Nov  9 11:56:55 2022] Launched synth_1...
Run output will be captured here: D:/schoolfiles/School/cpe 133/exp12/fib_seq_gen/fib_seq_gen.runs/synth_1/runme.log
[Wed Nov  9 11:56:55 2022] Launched impl_1...
Run output will be captured here: D:/schoolfiles/School/cpe 133/exp12/fib_seq_gen/fib_seq_gen.runs/impl_1/runme.log
set_property PROBES.FILE {} [get_hw_devices xc7a35t_0]
set_property FULL_PROBES.FILE {} [get_hw_devices xc7a35t_0]
set_property PROGRAM.FILE {D:/schoolfiles/School/cpe 133/exp12/fib_seq_gen/fib_seq_gen.runs/impl_1/test.bit} [get_hw_devices xc7a35t_0]
program_hw_devices [get_hw_devices xc7a35t_0]
INFO: [Labtools 27-3164] End of startup status: HIGH
refresh_hw_device [lindex [get_hw_devices xc7a35t_0] 0]
INFO: [Labtools 27-1434] Device xc7a35t (JTAG device index = 0) is programmed with a design that has no supported debug core(s) in it.
update_compile_order -fileset sources_1
reset_run synth_1
launch_runs impl_1 -to_step write_bitstream -jobs 4
[Wed Nov  9 11:58:45 2022] Launched synth_1...
Run output will be captured here: D:/schoolfiles/School/cpe 133/exp12/fib_seq_gen/fib_seq_gen.runs/synth_1/runme.log
[Wed Nov  9 11:58:45 2022] Launched impl_1...
Run output will be captured here: D:/schoolfiles/School/cpe 133/exp12/fib_seq_gen/fib_seq_gen.runs/impl_1/runme.log
set_property PROBES.FILE {} [get_hw_devices xc7a35t_0]
set_property FULL_PROBES.FILE {} [get_hw_devices xc7a35t_0]
set_property PROGRAM.FILE {D:/schoolfiles/School/cpe 133/exp12/fib_seq_gen/fib_seq_gen.runs/impl_1/test.bit} [get_hw_devices xc7a35t_0]
program_hw_devices [get_hw_devices xc7a35t_0]
INFO: [Labtools 27-3164] End of startup status: HIGH
refresh_hw_device [lindex [get_hw_devices xc7a35t_0] 0]
INFO: [Labtools 27-1434] Device xc7a35t (JTAG device index = 0) is programmed with a design that has no supported debug core(s) in it.
exit
INFO: [Common 17-206] Exiting Vivado at Wed Nov  9 12:00:19 2022...
