#-----------------------------------------------------------
# Vivado v2020.1 (64-bit)
# SW Build 2902540 on Wed May 27 19:54:49 MDT 2020
# IP Build 2902112 on Wed May 27 22:43:36 MDT 2020
# Start of session at: Mon Oct 10 15:18:55 2022
# Process ID: 12828
# Current directory: D:/schoolfiles/School/cpe 133/exp4/BCD-to-Seven-Segment Decoder
# Command line: vivado.exe -gui_launcher_event rodinguilauncherevent16112 D:\schoolfiles\School\cpe 133\exp4\BCD-to-Seven-Segment Decoder\BCD-to-Seven-Segment Decoder.xpr
# Log file: D:/schoolfiles/School/cpe 133/exp4/BCD-to-Seven-Segment Decoder/vivado.log
# Journal file: D:/schoolfiles/School/cpe 133/exp4/BCD-to-Seven-Segment Decoder\vivado.jou
#-----------------------------------------------------------
start_gui
open_project {D:/schoolfiles/School/cpe 133/exp4/BCD-to-Seven-Segment Decoder/BCD-to-Seven-Segment Decoder.xpr}
Scanning sources...
Finished scanning sources
INFO: [IP_Flow 19-234] Refreshing IP repositories
INFO: [IP_Flow 19-1704] No user IP repositories specified
INFO: [IP_Flow 19-2313] Loaded Vivado IP repository 'C:/Xilinx/Vivado/2020.1/data/ip'.
open_project: Time (s): cpu = 00:00:14 ; elapsed = 00:00:07 . Memory (MB): peak = 1215.734 ; gain = 0.000
update_compile_order -fileset sources_1
exit
INFO: [Common 17-206] Exiting Vivado at Mon Oct 10 15:42:46 2022...
